\BOOKMARK [0][-]{chapter.4}{1 Introduction}{}% 1
\BOOKMARK [1][-]{section.5}{1.1 Purpose of this Document}{chapter.4}% 2
\BOOKMARK [1][-]{section.7}{1.2 Architectural Assumptions}{chapter.4}% 3
\BOOKMARK [1][-]{section.8}{1.3 Summary of Requirements}{chapter.4}% 4
\BOOKMARK [2][-]{subsection.9}{1.3.1 Satellite Requirements}{section.8}% 5
\BOOKMARK [2][-]{subsection.13}{1.3.2 Server Requirements}{section.8}% 6
\BOOKMARK [2][-]{subsection.14}{1.3.3 Display Requirements}{section.8}% 7
\BOOKMARK [0][-]{chapter.16}{2 Hardware Design Overview}{}% 8
\BOOKMARK [1][-]{section.17}{2.1 Description}{chapter.16}% 9
\BOOKMARK [1][-]{section.20}{2.2 The Server}{chapter.16}% 10
\BOOKMARK [2][-]{subsection.21}{2.2.1 PC Hardware}{section.20}% 11
\BOOKMARK [2][-]{subsection.27}{2.2.2 Add-Ons}{section.20}% 12
\BOOKMARK [2][-]{subsection.28}{2.2.3 Server Hardware IO}{section.20}% 13
\BOOKMARK [2][-]{subsection.32}{2.2.4 Server Hull}{section.20}% 14
\BOOKMARK [2][-]{subsection.33}{2.2.5 Talking to the ZigBee Mesh}{section.20}% 15
\BOOKMARK [2][-]{subsection.34}{2.2.6 Potential Problems}{section.20}% 16
\BOOKMARK [1][-]{section.35}{2.3 The Satellites}{chapter.16}% 17
\BOOKMARK [2][-]{subsection.36}{2.3.1 Measurement Hardware}{section.35}% 18
\BOOKMARK [2][-]{subsection.37}{2.3.2 Communications Hardware}{section.35}% 19
\BOOKMARK [2][-]{subsection.38}{2.3.3 ZigBee Standard}{section.35}% 20
\BOOKMARK [2][-]{subsection.41}{2.3.4 Potential Problems}{section.35}% 21
\BOOKMARK [0][-]{chapter.42}{3 Software Design Overview}{}% 22
\BOOKMARK [1][-]{section.43}{3.1 Description}{chapter.42}% 23
\BOOKMARK [2][-]{subsection.44}{3.1.1 The Display Backend}{section.43}% 24
\BOOKMARK [2][-]{subsection.47}{3.1.2 The Display Frontend}{section.43}% 25
\BOOKMARK [1][-]{section.50}{3.2 Program Flow}{chapter.42}% 26
\BOOKMARK [1][-]{section.52}{3.3 Data Flow}{chapter.42}% 27
\BOOKMARK [1][-]{section.55}{3.4 Description of Software Modules}{chapter.42}% 28
\BOOKMARK [1][-]{section.58}{3.5 Potential Problems}{chapter.42}% 29
\BOOKMARK [1][-]{section.59}{3.6 The Backend}{chapter.42}% 30
\BOOKMARK [2][-]{subsection.60}{3.6.1 Authentication}{section.59}% 31
\BOOKMARK [2][-]{subsection.61}{3.6.2 The REST API}{section.59}% 32
\BOOKMARK [2][-]{subsection.66}{3.6.3 Satellite}{section.59}% 33
\BOOKMARK [2][-]{subsection.68}{3.6.4 Devices}{section.59}% 34
\BOOKMARK [2][-]{subsection.69}{3.6.5 Power Bill Guestimator}{section.59}% 35
\BOOKMARK [2][-]{subsection.70}{3.6.6 Factory Reset}{section.59}% 36
\BOOKMARK [1][-]{section.71}{3.7 The Frontend}{chapter.42}% 37
\BOOKMARK [2][-]{subsection.72}{3.7.1 Authentication}{section.71}% 38
\BOOKMARK [2][-]{subsection.74}{3.7.2 Satellite}{section.71}% 39
\BOOKMARK [2][-]{subsection.75}{3.7.3 Devices}{section.71}% 40
\BOOKMARK [2][-]{subsection.76}{3.7.4 Frontend - View Data}{section.71}% 41
\BOOKMARK [2][-]{subsection.77}{3.7.5 Power Bill Guestimator}{section.71}% 42
\BOOKMARK [2][-]{subsection.78}{3.7.6 Factory Reset}{section.71}% 43
\BOOKMARK [0][-]{chapter.79}{4 The Server}{}% 44
\BOOKMARK [1][-]{subsection.80}{4.0.7 Description}{chapter.79}% 45
\BOOKMARK [2][-]{subsection.81}{4.0.8 The Hardware}{subsection.80}% 46
\BOOKMARK [2][-]{subsection.82}{4.0.9 Software}{subsection.80}% 47
\BOOKMARK [0][-]{chapter*.83}{List of Figures}{}% 48
\BOOKMARK [1][-]{section.84}{4.1 Acronyms}{chapter*.83}% 49
