This is pdfTeX, Version 3.1415926-2.3-1.40.12 (MiKTeX 2.9) (preloaded format=pdflatex 2012.9.14)  6 DEC 2012 16:27
entering extended mode
**C:/Users/Castle/Documents/VTC/Fall*12/Senior*Projects/POWER/Documents/Archite
cture/index.tex

("C:/Users/Castle/Documents/VTC/Fall 12/Senior Projects/POWER/Documents/Archite
cture/index.tex"
LaTeX2e <2011/06/27>
Babel <v3.8m> and hyphenation patterns for english, afrikaans, ancientgreek, ar
abic, armenian, assamese, basque, bengali, bokmal, bulgarian, catalan, coptic, 
croatian, czech, danish, dutch, esperanto, estonian, farsi, finnish, french, ga
lician, german, german-x-2009-06-19, greek, gujarati, hindi, hungarian, iceland
ic, indonesian, interlingua, irish, italian, kannada, kurmanji, lao, latin, lat
vian, lithuanian, malayalam, marathi, mongolian, mongolianlmc, monogreek, ngerm
an, ngerman-x-2009-06-19, nynorsk, oriya, panjabi, pinyin, polish, portuguese, 
romanian, russian, sanskrit, serbian, slovak, slovenian, spanish, swedish, swis
sgerman, tamil, telugu, turkish, turkmen, ukenglish, ukrainian, uppersorbian, u
senglishmax, welsh, loaded.
("C:\Program Files (x86)\MiKTeX 2.9\tex\latex\base\report.cls"
Document Class: report 2007/10/19 v1.4h Standard LaTeX document class
("C:\Program Files (x86)\MiKTeX 2.9\tex\latex\base\size10.clo"
File: size10.clo 2007/10/19 v1.4h Standard LaTeX file (size option)
)
\c@part=\count79
\c@chapter=\count80
\c@section=\count81
\c@subsection=\count82
\c@subsubsection=\count83
\c@paragraph=\count84
\c@subparagraph=\count85
\c@figure=\count86
\c@table=\count87
\abovecaptionskip=\skip41
\belowcaptionskip=\skip42
\bibindent=\dimen102
)
("C:\Program Files (x86)\MiKTeX 2.9\tex\latex\graphics\graphicx.sty"
Package: graphicx 1999/02/16 v1.0f Enhanced LaTeX Graphics (DPC,SPQR)

("C:\Program Files (x86)\MiKTeX 2.9\tex\latex\graphics\keyval.sty"
Package: keyval 1999/03/16 v1.13 key=value parser (DPC)
\KV@toks@=\toks14
)
("C:\Program Files (x86)\MiKTeX 2.9\tex\latex\graphics\graphics.sty"
Package: graphics 2009/02/05 v1.0o Standard LaTeX Graphics (DPC,SPQR)

("C:\Program Files (x86)\MiKTeX 2.9\tex\latex\graphics\trig.sty"
Package: trig 1999/03/16 v1.09 sin cos tan (DPC)
)
("C:\Program Files (x86)\MiKTeX 2.9\tex\latex\00miktex\graphics.cfg"
File: graphics.cfg 2007/01/18 v1.5 graphics configuration of teTeX/TeXLive
)
Package graphics Info: Driver file: pdftex.def on input line 91.

("C:\Program Files (x86)\MiKTeX 2.9\tex\latex\pdftex-def\pdftex.def"
File: pdftex.def 2011/05/27 v0.06d Graphics/color for pdfTeX

("C:\Program Files (x86)\MiKTeX 2.9\tex\generic\oberdiek\infwarerr.sty"
Package: infwarerr 2010/04/08 v1.3 Providing info/warning/message (HO)
)
("C:\Program Files (x86)\MiKTeX 2.9\tex\generic\oberdiek\ltxcmds.sty"
Package: ltxcmds 2011/04/18 v1.20 LaTeX kernel commands for general use (HO)
)
\Gread@gobject=\count88
))
\Gin@req@height=\dimen103
\Gin@req@width=\dimen104
)
("C:\Program Files (x86)\MiKTeX 2.9\tex\latex\float\float.sty"
Package: float 2001/11/08 v1.3d Float enhancements (AL)
\c@float@type=\count89
\float@exts=\toks15
\float@box=\box26
\@float@everytoks=\toks16
\@floatcapt=\box27
)
("C:\Program Files (x86)\MiKTeX 2.9\tex\latex\graphics\color.sty"
Package: color 2005/11/14 v1.0j Standard LaTeX Color (DPC)

("C:\Program Files (x86)\MiKTeX 2.9\tex\latex\00miktex\color.cfg"
File: color.cfg 2007/01/18 v1.5 color configuration of teTeX/TeXLive
)
Package color Info: Driver file: pdftex.def on input line 130.
)
("C:\Program Files (x86)\MiKTeX 2.9\tex\latex\ltxmisc\parskip.sty"
Package: parskip 2001/04/09 non-zero parskip adjustments
)
("C:\Program Files (x86)\MiKTeX 2.9\tex\latex\ltxmisc\url.sty"
\Urlmuskip=\muskip10
Package: url 2006/04/12  ver 3.3  Verb mode for urls, etc.
)
("C:\Program Files (x86)\MiKTeX 2.9\tex\latex\hyperref\hyperref.sty"
Package: hyperref 2011/12/04 v6.82m Hypertext links for LaTeX

("C:\Program Files (x86)\MiKTeX 2.9\tex\generic\oberdiek\hobsub-hyperref.sty"
Package: hobsub-hyperref 2011/04/23 v1.4 Bundle oberdiek, subset hyperref (HO)

("C:\Program Files (x86)\MiKTeX 2.9\tex\generic\oberdiek\hobsub-generic.sty"
Package: hobsub-generic 2011/04/23 v1.4 Bundle oberdiek, subset generic (HO)
Package: hobsub 2011/04/23 v1.4 Subsetting bundle oberdiek (HO)
Package hobsub Info: Skipping package `infwarerr' (already loaded).
Package hobsub Info: Skipping package `ltxcmds' (already loaded).
Package: ifluatex 2010/03/01 v1.3 Provides the ifluatex switch (HO)
Package ifluatex Info: LuaTeX not detected.
Package: ifvtex 2010/03/01 v1.5 Switches for detecting VTeX and its modes (HO)
Package ifvtex Info: VTeX not detected.
Package: intcalc 2007/09/27 v1.1 Expandable integer calculations (HO)
Package: ifpdf 2011/01/30 v2.3 Provides the ifpdf switch (HO)
Package ifpdf Info: pdfTeX in PDF mode is detected.
Package: etexcmds 2011/02/16 v1.5 Prefix for e-TeX command names (HO)
Package etexcmds Info: Could not find \expanded.
(etexcmds)             That can mean that you are not using pdfTeX 1.50 or
(etexcmds)             that some package has redefined \expanded.
(etexcmds)             In the latter case, load this package earlier.
Package: kvsetkeys 2011/04/07 v1.13 Key value parser (HO)
Package: kvdefinekeys 2011/04/07 v1.3 Defining keys (HO)
Package: pdftexcmds 2011/04/22 v0.16 Utilities of pdfTeX for LuaTeX (HO)
Package pdftexcmds Info: LuaTeX not detected.
Package pdftexcmds Info: \pdf@primitive is available.
Package pdftexcmds Info: \pdf@ifprimitive is available.
Package pdftexcmds Info: \pdfdraftmode found.
Package: pdfescape 2011/04/04 v1.12 Provides string conversions (HO)
Package: bigintcalc 2011/01/30 v1.2 Expandable big integer calculations (HO)
Package: bitset 2011/01/30 v1.1 Data type bit set (HO)
Package: uniquecounter 2011/01/30 v1.2 Provides unlimited unique counter (HO)
)
Package hobsub Info: Skipping package `hobsub' (already loaded).
Package: letltxmacro 2010/09/02 v1.4 Let assignment for LaTeX macros (HO)
Package: hopatch 2011/01/30 v1.0 Wrapper for package hooks (HO)
Package: xcolor-patch 2011/01/30 xcolor patch
Package: atveryend 2011/04/23 v1.7 Hooks at very end of document (HO)
Package: atbegshi 2011/01/30 v1.15 At begin shipout hook (HO)
Package: refcount 2010/12/01 v3.2 Data extraction from references (HO)
Package: hycolor 2011/01/30 v1.7 Color options of hyperref/bookmark (HO)
)
("C:\Program Files (x86)\MiKTeX 2.9\tex\generic\ifxetex\ifxetex.sty"
Package: ifxetex 2010/09/12 v0.6 Provides ifxetex conditional
)
("C:\Program Files (x86)\MiKTeX 2.9\tex\latex\oberdiek\kvoptions.sty"
Package: kvoptions 2010/12/23 v3.10 Keyval support for LaTeX options (HO)
)
\@linkdim=\dimen105
\Hy@linkcounter=\count90
\Hy@pagecounter=\count91

("C:\Program Files (x86)\MiKTeX 2.9\tex\latex\hyperref\pd1enc.def"
File: pd1enc.def 2011/12/04 v6.82m Hyperref: PDFDocEncoding definition (HO)
)
\Hy@SavedSpaceFactor=\count92

("C:\Program Files (x86)\MiKTeX 2.9\tex\latex\00miktex\hyperref.cfg"
File: hyperref.cfg 2002/06/06 v1.2 hyperref configuration of TeXLive
)
Package hyperref Info: Option `hypertexnames' set `false' on input line 3925.
Package hyperref Info: Option `bookmarks' set `true' on input line 3925.
Package hyperref Info: Option `bookmarksnumbered' set `true' on input line 3925
.
Package hyperref Info: Option `breaklinks' set `true' on input line 3925.
Package hyperref Info: Hyper figures OFF on input line 4046.
Package hyperref Info: Link nesting OFF on input line 4051.
Package hyperref Info: Hyper index ON on input line 4054.
Package hyperref Info: Plain pages OFF on input line 4061.
Package hyperref Info: Backreferencing OFF on input line 4066.
Package hyperref Info: Implicit mode ON; LaTeX internals redefined.
Package hyperref Info: Bookmarks ON on input line 4284.
\c@Hy@tempcnt=\count93
LaTeX Info: Redefining \url on input line 4637.
\Fld@menulength=\count94
\Field@Width=\dimen106
\Fld@charsize=\dimen107
Package hyperref Info: Hyper figures OFF on input line 5757.
Package hyperref Info: Link nesting OFF on input line 5762.
Package hyperref Info: Hyper index ON on input line 5765.
Package hyperref Info: backreferencing OFF on input line 5772.
Package hyperref Info: Link coloring OFF on input line 5777.
Package hyperref Info: Link coloring with OCG OFF on input line 5782.
Package hyperref Info: PDF/A mode OFF on input line 5787.
LaTeX Info: Redefining \ref on input line 5827.
LaTeX Info: Redefining \pageref on input line 5831.
\Hy@abspage=\count95
\c@Item=\count96
\c@Hfootnote=\count97
)

Package hyperref Message: Driver (autodetected): hpdftex.

("C:\Program Files (x86)\MiKTeX 2.9\tex\latex\hyperref\hpdftex.def"
File: hpdftex.def 2011/12/04 v6.82m Hyperref driver for pdfTeX
\Fld@listcount=\count98
\c@bookmark@seq@number=\count99

("C:\Program Files (x86)\MiKTeX 2.9\tex\latex\oberdiek\rerunfilecheck.sty"
Package: rerunfilecheck 2011/04/15 v1.7 Rerun checks for auxiliary files (HO)
Package uniquecounter Info: New unique counter `rerunfilecheck' on input line 2
82.
)
\Hy@SectionHShift=\skip43
)
(C:\Users\Castle\AppData\Roaming\MiKTeX\2.9\tex\latex\listings\listings.sty
\lst@mode=\count100
\lst@gtempboxa=\box28
\lst@token=\toks17
\lst@length=\count101
\lst@currlwidth=\dimen108
\lst@column=\count102
\lst@pos=\count103
\lst@lostspace=\dimen109
\lst@width=\dimen110
\lst@newlines=\count104
\lst@lineno=\count105
\lst@maxwidth=\dimen111

(C:\Users\Castle\AppData\Roaming\MiKTeX\2.9\tex\latex\listings\lstmisc.sty
File: lstmisc.sty 2007/02/22 1.4 (Carsten Heinz)
\c@lstnumber=\count106
\lst@skipnumbers=\count107
\lst@framebox=\box29
)
(C:\Users\Castle\AppData\Roaming\MiKTeX\2.9\tex\latex\listings\listings.cfg
File: listings.cfg 2007/02/22 1.4 listings configuration
))
Package: listings 2007/02/22 1.4 (Carsten Heinz)

("C:\Program Files (x86)\MiKTeX 2.9\tex\latex\base\fontenc.sty"
Package: fontenc 2005/09/27 v1.99g Standard LaTeX package

("C:\Program Files (x86)\MiKTeX 2.9\tex\latex\base\t1enc.def"
File: t1enc.def 2005/09/27 v1.99g Standard LaTeX file
LaTeX Font Info:    Redeclaring font encoding T1 on input line 43.
))
(C:\Users\Castle\AppData\Roaming\MiKTeX\2.9\tex\latex\titlesec\titlesec.sty
Package: titlesec 2011/12/15 v2.10.0 Sectioning titles
\ttl@box=\box30
\beforetitleunit=\skip44
\aftertitleunit=\skip45
\ttl@plus=\dimen112
\ttl@minus=\dimen113
\ttl@toksa=\toks18
\titlewidth=\dimen114
\titlewidthlast=\dimen115
\titlewidthfirst=\dimen116
)
(C:\Users\Castle\AppData\Roaming\MiKTeX\2.9\tex\latex\blindtext\blindtext.sty
Package: blindtext 2012/01/06 V2.0 blindtext-Package

("C:\Program Files (x86)\MiKTeX 2.9\tex\latex\tools\xspace.sty"
Package: xspace 2009/10/20 v1.13 Space after command names (DPC,MH)
)
\c@blindtext=\count108
\c@Blindtext=\count109
\c@blind@countparstart=\count110
\blind@countxx=\count111
\blindtext@numBlindtext=\count112
\blind@countyy=\count113
\c@blindlist=\count114
\c@blindlistlevel=\count115
\c@blindlist@level=\count116
\blind@listitem=\count117
\c@blind@listcount=\count118
\c@blind@levelcount=\count119
\blind@mathformula=\count120
\blind@Mathformula=\count121
\c@blind@randomcount=\count122
\c@blind@randommax=\count123
\c@blind@pangramcount=\count124
\c@blind@pangrammax=\count125
)
(C:\Users\Castle\AppData\Roaming\MiKTeX\2.9\tex\latex\acronym\acronym.sty
Package: acronym 2012/10/29 v1.38 Support for acronyms (Tobias Oetiker)

(C:\Users\Castle\AppData\Roaming\MiKTeX\2.9\tex\latex\bigfoot\suffix.sty
Package: suffix 2006/07/15 1.5 Variant command support
)
(C:\Users\Castle\AppData\Roaming\MiKTeX\2.9\tex\latex\xstring\xstring.sty
(C:\Users\Castle\AppData\Roaming\MiKTeX\2.9\tex\generic\xstring\xstring.tex
\@xs@message=\write3
\integerpart=\count126
\decimalpart=\count127
)
Package: xstring 2012/10/24  v1.6  String manipulations (C Tellechea)
)
\AC@clearlist=\toks19
)
("C:\Users\Castle\Documents\VTC\Fall 12\Senior Projects\POWER\Documents\Archite
cture\index.aux")
LaTeX Font Info:    Checking defaults for OML/cmm/m/it on input line 39.
LaTeX Font Info:    ... okay on input line 39.
LaTeX Font Info:    Checking defaults for T1/cmr/m/n on input line 39.
LaTeX Font Info:    ... okay on input line 39.
LaTeX Font Info:    Checking defaults for OT1/cmr/m/n on input line 39.
LaTeX Font Info:    ... okay on input line 39.
LaTeX Font Info:    Checking defaults for OMS/cmsy/m/n on input line 39.
LaTeX Font Info:    ... okay on input line 39.
LaTeX Font Info:    Checking defaults for OMX/cmex/m/n on input line 39.
LaTeX Font Info:    ... okay on input line 39.
LaTeX Font Info:    Checking defaults for U/cmr/m/n on input line 39.
LaTeX Font Info:    ... okay on input line 39.
LaTeX Font Info:    Checking defaults for PD1/pdf/m/n on input line 39.
LaTeX Font Info:    ... okay on input line 39.

(C:\Users\Castle\AppData\Roaming\MiKTeX\2.9\tex\context\base\supp-pdf.mkii
[Loading MPS to PDF converter (version 2006.09.02).]
\scratchcounter=\count128
\scratchdimen=\dimen117
\scratchbox=\box31
\nofMPsegments=\count129
\nofMParguments=\count130
\everyMPshowfont=\toks20
\MPscratchCnt=\count131
\MPscratchDim=\dimen118
\MPnumerator=\count132
\makeMPintoPDFobject=\count133
\everyMPtoPDFconversion=\toks21
)
\AtBeginShipoutBox=\box32
Package hyperref Info: Link coloring OFF on input line 39.
 ("C:\Program Files (x86)\MiKTeX 2.9\tex\latex\hyperref\nameref.sty"
Package: nameref 2010/04/30 v2.40 Cross-referencing by name of section

("C:\Program Files (x86)\MiKTeX 2.9\tex\generic\oberdiek\gettitlestring.sty"
Package: gettitlestring 2010/12/03 v1.4 Cleanup title references (HO)
)
\c@section@level=\count134
)
LaTeX Info: Redefining \ref on input line 39.
LaTeX Info: Redefining \pageref on input line 39.
LaTeX Info: Redefining \nameref on input line 39.

("C:\Users\Castle\Documents\VTC\Fall 12\Senior Projects\POWER\Documents\Archite
cture\index.out")
("C:\Users\Castle\Documents\VTC\Fall 12\Senior Projects\POWER\Documents\Archite
cture\index.out")
\@outlinefile=\write4
\c@lstlisting=\count135
LaTeX Font Info:    External font `cmex10' loaded for size
(Font)              <12> on input line 60.
LaTeX Font Info:    External font `cmex10' loaded for size
(Font)              <8> on input line 60.
LaTeX Font Info:    External font `cmex10' loaded for size
(Font)              <6> on input line 60.
LaTeX Font Info:    Try loading font information for T1+cmtt on input line 60.
 ("C:\Program Files (x86)\MiKTeX 2.9\tex\latex\base\t1cmtt.fd"
File: t1cmtt.fd 1999/05/25 v2.5h Standard LaTeX font definitions
) [1

{C:/Users/Castle/AppData/Local/MiKTeX/2.9/pdftex/config/pdftex.map}]
("C:\Users\Castle\Documents\VTC\Fall 12\Senior Projects\POWER\Documents\Archite
cture\index.toc"
LaTeX Font Info:    External font `cmex10' loaded for size
(Font)              <7> on input line 2.
LaTeX Font Info:    External font `cmex10' loaded for size
(Font)              <5> on input line 2.
Package acronym Info: Label `acro:REST' newly defined as it shall be overridden

although it is yet undefined on input line 48.
Package acronym Info: Label `acro:API' newly defined as it shall be overridden
although it is yet undefined on input line 48.
 [1

])
\tf@toc=\write5
 [2]
("C:\Users\Castle\Documents\VTC\Fall 12\Senior Projects\POWER\Documents\Archite
cture\Introduction.tex"
 1.
Package acronym Info: Label `acro:POW-R' newly defined as it shall be overridde
n
although it is yet undefined on input line 4.
LaTeX Font Info:    Try loading font information for OMS+cmr on input line 15.
("C:\Program Files (x86)\MiKTeX 2.9\tex\latex\base\omscmr.fd"
File: omscmr.fd 1999/05/25 v2.5h Standard LaTeX font definitions
)
LaTeX Font Info:    Font shape `OMS/cmr/m/n' in size <10> not available
(Font)              Font shape `OMS/cmsy/m/n' tried instead on input line 15.
Package acronym Info: Label `acro:NEMA' newly defined as it shall be overridden

although it is yet undefined on input line 24.
 [1

]
Package acronym Info: Label `acro:W' newly defined as it shall be overridden
although it is yet undefined on input line 27.
Package acronym Info: Label `acro:M' newly defined as it shall be overridden
although it is yet undefined on input line 28.
 [2] [3])
("C:\Users\Castle\Documents\VTC\Fall 12\Senior Projects\POWER\Documents\Archite
cture\Hardware/overview.tex" [4]
 2.

Overfull \hbox (21.44324pt too wide) in paragraph at lines 4--4
 |[]\T1/cmr/bx/n/24.88 Hardware De-sign Overview| 
 []

Package acronym Info: Label `acro:USB' newly defined as it shall be overridden
although it is yet undefined on input line 12.
<Hardware/images/SystemOverview.png, id=321, 1245.59471pt x 155.87646pt>
File: Hardware/images/SystemOverview.png Graphic file (type png)

<use Hardware/images/SystemOverview.png>
Package pdftex.def Info: Hardware/images/SystemOverview.png used on input line 
18.
(pdftex.def)             Requested size: 373.68129pt x 46.76329pt.

Overfull \hbox (28.68129pt too wide) in paragraph at lines 18--19
 [][] 
 []


("C:\Users\Castle\Documents\VTC\Fall 12\Senior Projects\POWER\Documents\Archite
cture\Hardware/Server-Hardware.tex" [5

 <C:/Users/Castle/Documents/VTC/Fall 12/Senior Projects/POWER/Documents/Archite
cture/Hardware/images/SystemOverview.png>]
Package acronym Info: Label `acro:SATA' newly defined as it shall be overridden

although it is yet undefined on input line 16.
Package acronym Info: Label `acro:GPIO' newly defined as it shall be overridden

although it is yet undefined on input line 20.
Package acronym Info: Label `acro:SSD' newly defined as it shall be overridden
although it is yet undefined on input line 28.
Package acronym Info: Label `acro:VDC' newly defined as it shall be overridden
although it is yet undefined on input line 31.
Package acronym Info: Label `acro:A' newly defined as it shall be overridden
although it is yet undefined on input line 31.
)
("C:\Users\Castle\Documents\VTC\Fall 12\Senior Projects\POWER\Documents\Archite
cture\Hardware/Server-Addons.tex"
Package acronym Info: Label `acro:IP' newly defined as it shall be overridden
although it is yet undefined on input line 9.
Package acronym Info: Label `acro:LCD' newly defined as it shall be overridden
although it is yet undefined on input line 14.
 [6]
<Hardware/images/ArduinoLCD.png, id=365, 572.49176pt x 289.08pt>
File: Hardware/images/ArduinoLCD.png Graphic file (type png)

<use Hardware/images/ArduinoLCD.png>
Package pdftex.def Info: Hardware/images/ArduinoLCD.png used on input line 19.
(pdftex.def)             Requested size: 286.24518pt x 144.53964pt.
)
("C:\Users\Castle\Documents\VTC\Fall 12\Senior Projects\POWER\Documents\Archite
cture\Hardware/Server-TalkToXbee.tex" [7 <C:/Users/Castle/Documents/VTC/Fall 12
/Senior Projects/POWER/Documents/Architecture/Hardware/images/ArduinoLCD.png>])

("C:\Users\Castle\Documents\VTC\Fall 12\Senior Projects\POWER\Documents\Archite
cture\Hardware/Server-Problems.tex")
("C:\Users\Castle\Documents\VTC\Fall 12\Senior Projects\POWER\Documents\Archite
cture\Hardware/Satellite-Circuit.tex")
("C:\Users\Castle\Documents\VTC\Fall 12\Senior Projects\POWER\Documents\Archite
cture\Hardware/Satellite-Hardware.tex" [8])
("C:\Users\Castle\Documents\VTC\Fall 12\Senior Projects\POWER\Documents\Archite
cture\Hardware/Satellite-ZigBee.tex"
Package acronym Info: Label `acro:IEEE' newly defined as it shall be overridden

although it is yet undefined on input line 4.
 [9]
<Hardware/images/ZigBeeNetworkTypes.png, id=400, 779.38235pt x 522.8947pt>
File: Hardware/images/ZigBeeNetworkTypes.png Graphic file (type png)

<use Hardware/images/ZigBeeNetworkTypes.png>
Package pdftex.def Info: Hardware/images/ZigBeeNetworkTypes.png used on input l
ine 60.
(pdftex.def)             Requested size: 233.8165pt x 156.86961pt.
)
("C:\Users\Castle\Documents\VTC\Fall 12\Senior Projects\POWER\Documents\Archite
cture\Hardware/Satellite-Problems.tex"))
("C:\Users\Castle\Documents\VTC\Fall 12\Senior Projects\POWER\Documents\Archite
cture\Software/overview.tex" [10] [11 <C:/Users/Castle/Documents/VTC/Fall 12/Se
nior Projects/POWER/Documents/Architecture/Hardware/images/ZigBeeNetworkTypes.p
ng>]
 3.

Overfull \hbox (8.0293pt too wide) in paragraph at lines 4--4
 |[]\T1/cmr/bx/n/24.88 Software De-sign Overview| 
 []

Package acronym Info: Label `acro:SQL' newly defined as it shall be overridden
although it is yet undefined on input line 32.
Package acronym Info: Label `acro:XSS' newly defined as it shall be overridden
although it is yet undefined on input line 32.
[12

]
Package acronym Info: Label `acro:JSON' newly defined as it shall be overridden

although it is yet undefined on input line 46.

Overfull \hbox (13.53506pt too wide) in paragraph at lines 54--55
[]\T1/cmr/m/n/10 Backbone.js will deal with track-ing the "model" por-tion of o
ur Javascript
 []

Package acronym Info: Label `acro:HTML' newly defined as it shall be overridden

although it is yet undefined on input line 58.
[13]
Package acronym Info: Label `acro:CSS' newly defined as it shall be overridden
although it is yet undefined on input line 83.
 <Software/images/DataFlowDiagram.png, id=468, 442.65375pt x 202.7575pt>
File: Software/images/DataFlowDiagram.png Graphic file (type png)

<use Software/images/DataFlowDiagram.png>
Package pdftex.def Info: Software/images/DataFlowDiagram.png used on input line
 92.
(pdftex.def)             Requested size: 331.98949pt x 152.06775pt.
Package acronym Info: Label `acro:TLS' newly defined as it shall be overridden
although it is yet undefined on input line 100.

<Software/images/Power-Package-Listing.png, id=473, 343.2825pt x 182.6825pt>
File: Software/images/Power-Package-Listing.png Graphic file (type png)

<use Software/images/Power-Package-Listing.png>
Package pdftex.def Info: Software/images/Power-Package-Listing.png used on inpu
t line 108.
(pdftex.def)             Requested size: 257.46123pt x 137.01152pt.
 [14 <C:/Users/Castle/Documents/VTC/Fall 12/Senior Projects/POWER/Documents/Arc
hitecture/Software/images/DataFlowDiagram.png>]
Package acronym Info: Label `acro:PIP' newly defined as it shall be overridden
although it is yet undefined on input line 115.
 [15 <C:/Users/Castle/Documents/VTC/Fall 12/Senior Projects/POWER/Documents/Arc
hitecture/Software/images/Power-Package-Listing.png>]
("C:\Users\Castle\Documents\VTC\Fall 12\Senior Projects\POWER\Documents\Archite
cture\Software/Backend-Authentication.tex" [16])
("C:\Users\Castle\Documents\VTC\Fall 12\Senior Projects\POWER\Documents\Archite
cture\Software/Backend-REST.tex"
Package acronym Info: Label `acro:URL' newly defined as it shall be overridden
although it is yet undefined on input line 11.

Overfull \hbox (23.24341pt too wide) in paragraph at lines 10--12
\T1/cmr/m/n/10 Re-source Lo-ca-tor ([])[]'s, which can be gen-er-ated by call-i
ng \T1/cmtt/m/n/10 include(api_v1.urls)
 []

Package acronym Info: Label `acro:XML' newly defined as it shall be overridden
although it is yet undefined on input line 22.
Package acronym Info: Label `acro:YAML' newly defined as it shall be overridden

although it is yet undefined on input line 22.
Package acronym Info: Label `acro:HTTP' newly defined as it shall be overridden

although it is yet undefined on input line 25.
[17])
("C:\Users\Castle\Documents\VTC\Fall 12\Senior Projects\POWER\Documents\Archite
cture\Software/Backend-Satellite.tex" [18]
Package acronym Info: Label `acro:POST' newly defined as it shall be overridden

although it is yet undefined on input line 30.
)
("C:\Users\Castle\Documents\VTC\Fall 12\Senior Projects\POWER\Documents\Archite
cture\Software/Backend-Devices.tex" [19])
("C:\Users\Castle\Documents\VTC\Fall 12\Senior Projects\POWER\Documents\Archite
cture\Software/Backend-PowerBillGuestimator.tex")
("C:\Users\Castle\Documents\VTC\Fall 12\Senior Projects\POWER\Documents\Archite
cture\Software/Backend-FactoryReset.tex" [20]) [21]
("C:\Users\Castle\Documents\VTC\Fall 12\Senior Projects\POWER\Documents\Archite
cture\Software/Frontend-Authentication.tex"
Package acronym Info: Label `acro:AJAX' newly defined as it shall be overridden

although it is yet undefined on input line 11.
)
("C:\Users\Castle\Documents\VTC\Fall 12\Senior Projects\POWER\Documents\Archite
cture\Software/Frontend-Satellite.tex" [22])
("C:\Users\Castle\Documents\VTC\Fall 12\Senior Projects\POWER\Documents\Archite
cture\Software/Frontend-Devices.tex" [23])
("C:\Users\Castle\Documents\VTC\Fall 12\Senior Projects\POWER\Documents\Archite
cture\Software/Frontend-ViewData.tex" [24])
("C:\Users\Castle\Documents\VTC\Fall 12\Senior Projects\POWER\Documents\Archite
cture\Software/Frontend-PowerBillGuestimator.tex" [25])
("C:\Users\Castle\Documents\VTC\Fall 12\Senior Projects\POWER\Documents\Archite
cture\Software/Frontend-FactoryReset.tex" [26]))
("C:\Users\Castle\Documents\VTC\Fall 12\Senior Projects\POWER\Documents\Archite
cture\Server/overview.tex" [27]
 4.

Package hyperref Warning: Difference (2) between bookmark levels is greater 
(hyperref)                than one, level fixed on input line 3.

[28

] [29]) [30]
("C:\Users\Castle\Documents\VTC\Fall 12\Senior Projects\POWER\Documents\Archite
cture\index.lof")
\tf@lof=\write6
 [31

]
("C:\Users\Castle\Documents\VTC\Fall 12\Senior Projects\POWER\Documents\Archite
cture\index.bbl" [32]
Underfull \hbox (badness 1221) in paragraph at lines 35--38
[]\T1/cmr/m/n/10 Paul Uithol.  Backbone-tastypie.  []$\T1/cmtt/m/n/10 https : /
 / github . com / PaulUithol /$
 []

)
Package atveryend Info: Empty hook `BeforeClearDocument' on input line 129.
 [33

]
Package atveryend Info: Empty hook `AfterLastShipout' on input line 129.

("C:\Users\Castle\Documents\VTC\Fall 12\Senior Projects\POWER\Documents\Archite
cture\index.aux")
Package atveryend Info: Executing hook `AtVeryEndDocument' on input line 129.
Package atveryend Info: Executing hook `AtEndAfterFileList' on input line 129.
Package rerunfilecheck Info: File `index.out' has not changed.
(rerunfilecheck)             Checksum: 708ADAE3CE1FB8676BE7D48B956C8167;3388.
 ) 
Here is how much of TeX's memory you used:
 7707 strings out of 494045
 117559 string characters out of 3145966
 199540 words of memory out of 3000000
 10677 multiletter control sequences out of 15000+200000
 17703 words of font info for 39 fonts, out of 3000000 for 9000
 715 hyphenation exceptions out of 8191
 29i,8n,37p,460b,509s stack positions out of 5000i,500n,10000p,200000b,50000s
 <C:\Users\Castle\AppData\Local\MiKTeX\2.9\fonts\pk\ljfour\jknappen\ec\dpi600
\ectt1000.pk> <C:\Users\Castle\AppData\Local\MiKTeX\2.9\fonts\pk\ljfour\jknappe
n\ec\dpi600\ecti1000.pk> <C:\Users\Castle\AppData\Local\MiKTeX\2.9\fonts\pk\ljf
our\jknappen\ec\dpi600\ecbx0700.pk> <C:\Users\Castle\AppData\Local\MiKTeX\2.9\f
onts\pk\ljfour\jknappen\ec\dpi600\ecrm0800.pk> <C:\Users\Castle\AppData\Local\M
iKTeX\2.9\fonts\pk\ljfour\jknappen\ec\dpi600\ecrm0600.pk> <C:\Users\Castle\AppD
ata\Local\MiKTeX\2.9\fonts\pk\ljfour\jknappen\ec\dpi600\ecrm0700.pk> <C:\Users\
Castle\AppData\Local\MiKTeX\2.9\fonts\pk\ljfour\jknappen\ec\dpi600\ecbx1200.pk>
 <C:\Users\Castle\AppData\Local\MiKTeX\2.9\fonts\pk\ljfour\jknappen\ec\dpi600\e
cbx1440.pk> <C:\Users\Castle\AppData\Local\MiKTeX\2.9\fonts\pk\ljfour\jknappen\
ec\dpi600\ecrm1000.pk> <C:\Users\Castle\AppData\Local\MiKTeX\2.9\fonts\pk\ljfou
r\jknappen\ec\dpi600\ecbx1000.pk> <C:\Users\Castle\AppData\Local\MiKTeX\2.9\fon
ts\pk\ljfour\jknappen\ec\dpi600\ecbx2488.pk> <C:\Users\Castle\AppData\Local\MiK
TeX\2.9\fonts\pk\ljfour\jknappen\ec\dpi600\ectt1200.pk> <C:\Users\Castle\AppDat
a\Local\MiKTeX\2.9\fonts\pk\ljfour\jknappen\ec\dpi600\ecrm1200.pk> <C:\Users\Ca
stle\AppData\Local\MiKTeX\2.9\fonts\pk\ljfour\jknappen\ec\dpi600\ecrm1728.pk><C
:/Program Files (x86)/MiKTeX 2.9/fonts/type1/public/amsfonts/cm/cmsy10.pfb>
Output written on index.pdf (36 pages, 341832 bytes).
PDF statistics:
 1177 PDF objects out of 1200 (max. 8388607)
 158 named destinations out of 1000 (max. 500000)
 418 words of extra memory for PDF output out of 10000 (max. 10000000)

