\BOOKMARK [0][-]{chapter*.2}{List of Figures}{}% 1
\BOOKMARK [0][-]{chapter.3}{1 Introduction}{}% 2
\BOOKMARK [1][-]{section.4}{1.1 Purpose of this Document}{chapter.3}% 3
\BOOKMARK [1][-]{section.5}{1.2 Architectural Assumptions}{chapter.3}% 4
\BOOKMARK [1][-]{section.6}{1.3 Summary of Requirements}{chapter.3}% 5
\BOOKMARK [2][-]{subsection.7}{1.3.1 Satellite Requirements}{section.6}% 6
\BOOKMARK [2][-]{subsection.8}{1.3.2 Server Requirements}{section.6}% 7
\BOOKMARK [2][-]{subsection.9}{1.3.3 Display Requirements}{section.6}% 8
\BOOKMARK [0][-]{chapter.10}{2 Hardware Design Overview}{}% 9
\BOOKMARK [1][-]{section.11}{2.1 Description}{chapter.10}% 10
\BOOKMARK [1][-]{section.13}{2.2 The Server}{chapter.10}% 11
\BOOKMARK [2][-]{subsection.14}{2.2.1 PC Hardware}{section.13}% 12
\BOOKMARK [2][-]{subsection.15}{2.2.2 Add-Ons}{section.13}% 13
\BOOKMARK [2][-]{subsection.17}{2.2.3 GPIO Pins}{section.13}% 14
\BOOKMARK [2][-]{subsection.21}{2.2.4 Server Hull}{section.13}% 15
\BOOKMARK [1][-]{section.22}{2.3 The Satellites}{chapter.10}% 16
\BOOKMARK [2][-]{subsection.23}{2.3.1 Measurement Hardware}{section.22}% 17
\BOOKMARK [2][-]{subsection.24}{2.3.2 Communications Hardware}{section.22}% 18
\BOOKMARK [2][-]{subsection.25}{2.3.3 ZigBee Standard}{section.22}% 19
\BOOKMARK [0][-]{chapter.27}{3 Software Design Overview}{}% 20
\BOOKMARK [1][-]{section.28}{3.1 Description}{chapter.27}% 21
\BOOKMARK [2][-]{subsection.29}{3.1.1 The Display Backend}{section.28}% 22
\BOOKMARK [2][-]{subsection.30}{3.1.2 The Display Frontend}{section.28}% 23
\BOOKMARK [1][-]{section.31}{3.2 Program Flow}{chapter.27}% 24
\BOOKMARK [1][-]{section.32}{3.3 Data Flow}{chapter.27}% 25
\BOOKMARK [1][-]{section.34}{3.4 UML Diagrams}{chapter.27}% 26
\BOOKMARK [1][-]{section.36}{3.5 Potential Problems}{chapter.27}% 27
\BOOKMARK [1][-]{section.37}{3.6 The Backend}{chapter.27}% 28
\BOOKMARK [2][-]{subsection.38}{3.6.1 Authentication}{section.37}% 29
\BOOKMARK [2][-]{subsection.39}{3.6.2 The REST API}{section.37}% 30
\BOOKMARK [2][-]{subsection.40}{3.6.3 Satellite}{section.37}% 31
\BOOKMARK [2][-]{subsection.41}{3.6.4 Devices}{section.37}% 32
\BOOKMARK [2][-]{subsection.42}{3.6.5 Power Bill Guestimator}{section.37}% 33
\BOOKMARK [2][-]{subsection.43}{3.6.6 Factory Reset}{section.37}% 34
\BOOKMARK [1][-]{section.44}{3.7 The Frontend}{chapter.27}% 35
\BOOKMARK [2][-]{subsection.45}{3.7.1 Authentication}{section.44}% 36
\BOOKMARK [2][-]{subsection.46}{3.7.2 Satellite}{section.44}% 37
\BOOKMARK [2][-]{subsection.47}{3.7.3 Devices}{section.44}% 38
\BOOKMARK [2][-]{subsection.48}{3.7.4 Frontend - View Data}{section.44}% 39
\BOOKMARK [2][-]{subsection.49}{3.7.5 Power Bill Guestimator}{section.44}% 40
\BOOKMARK [2][-]{subsection.50}{3.7.6 Factory Reset}{section.44}% 41
